<?xml version="1.0" encoding="UTF-8"?>
<testsuite name="AddNewCar" tests="1" skipped="0" failures="0" errors="0" timestamp="2023-07-13T17:01:13" hostname="SASHA" time="7.215">
  <properties/>
  <testcase name="addNewCarPos" classname="AddNewCar" time="7.215"/>
  <system-out><![CDATA[/93_885=rect
959/-rect
]]></system-out>
  <system-err><![CDATA[Jul 13, 2023 8:01:19 PM org.openqa.selenium.interactions.Actions moveToElement
INFO: When using the W3C Action commands, offsets are from the center of element
]]></system-err>
</testsuite>
